[0;34m[2025-10-22 13:59:21][0m Starting Nexus IoT Database Reset & Re-seeding
[0;34m[2025-10-22 13:59:21][0m Timestamp: Wed 22 Oct 2025 01:59:21 PM WIB
[0;34m[2025-10-22 13:59:21][0m Project: /home/ubuntu/Alfi/RnD/Development/newmodbitui
[0;36m[STEP][0m Checking prerequisites...
[0;32m[SUCCESS][0m Prerequisites check passed
[0;36m[STEP][0m Resetting database...
[0;34m[2025-10-22 13:59:24][0m Removing existing database file...
[0;34m[2025-10-22 13:59:24][0m Force resetting database schema...
[0;32m[SUCCESS][0m Database reset completed successfully
[0;36m[STEP][0m Generating Prisma client...
[0;32m[SUCCESS][0m Prisma client generated successfully
[0;36m[STEP][0m Running configured seeders...
[0;34m[2025-10-22 13:59:28][0m Running prerequisite seeders...
[0;34m[2025-10-22 13:59:28][0m Seeding tenants...
[0;32m[SUCCESS][0m Tenants seeded successfully
[0;34m[2025-10-22 13:59:28][0m Seeding node locations...
[0;32m[SUCCESS][0m Node locations seeded successfully
[0;34m[2025-10-22 13:59:29][0m Running seed command with environment: RESET_DB=false
[0;32m[SUCCESS][0m Seeding completed successfully
[0;36m[STEP][0m Verifying seeding results...
[1;33m[WARNING][0m Seeding verification: No success logs found in recent entries
[0;32m[SUCCESS][0m Database file exists (608K)
[0;32m[SUCCESS][0m Database accessible: 3 users found
[1;33m[WARNING][0m Some verification checks failed - please check logs manually
[0;32m[SUCCESS][0m 📋 Operation Summary:
[0;32m[SUCCESS][0m 🎉 Database reset and re-seeding completed successfully!
[0;32m[SUCCESS][0m 🚀 Ready to run the application with fresh data!
[0;34m[2025-10-22 13:59:32][0m All operations completed successfully
